<?xml version="1.0" encoding="UTF-8"?>
<testng-results ignored="0" total="1" passed="1" failed="0" skipped="0">
  <reporter-output>
    <line>
      <![CDATA[no of rows are ::4]]>
    </line>
    <line>
      <![CDATA[Stock-000003486  Stock-000003486]]>
    </line>
    <line>
      <![CDATA[Supplier-00000007480  Supplier-00000007480]]>
    </line>
  </reporter-output>
  <suite started-at="2024-11-14T17:26:23 IST" name="Surefire suite" finished-at="2024-11-14T17:27:14 IST" duration-ms="51026">
    <groups>
    </groups>
    <test started-at="2024-11-14T17:26:23 IST" name="Surefire test" finished-at="2024-11-14T17:27:14 IST" duration-ms="51026">
      <class name="driverFactory.AppTest">
        <test-method signature="kickStart()[pri:0, instance:driverFactory.AppTest@7a419da4]" started-at="2024-11-14T17:26:23 IST" name="kickStart" finished-at="2024-11-14T17:27:14 IST" duration-ms="50979" status="PASS">
          <reporter-output>
            <line>
              <![CDATA[no of rows are ::4]]>
            </line>
            <line>
              <![CDATA[Stock-000003486  Stock-000003486]]>
            </line>
            <line>
              <![CDATA[Supplier-00000007480  Supplier-00000007480]]>
            </line>
          </reporter-output>
        </test-method> <!-- kickStart -->
      </class> <!-- driverFactory.AppTest -->
    </test> <!-- Surefire test -->
  </suite> <!-- Surefire suite -->
</testng-results>
